#
# A fatal error has been detected by the Java Runtime Environment:
#
#  Internal Error (javaCalls.cpp:51), pid=29137, tid=0x0000000000003503
#  guarantee(thread->is_Java_thread()) failed: crucial check - the VM thread cannot and must not escape to Java code
#
# JRE version: OpenJDK Runtime Environment (8.0_292-b10) (build 1.8.0_292-b10)
# Java VM: OpenJDK 64-Bit Server VM (25.292-b10 mixed mode bsd-amd64 compressed oops)
# Failed to write core dump. Core dumps have been disabled. To enable core dumping, try "ulimit -c unlimited" before starting Java again
#
# If you would like to submit a bug report, please visit:
#   https://github.com/AdoptOpenJDK/openjdk-support/issues
#

---------------  T H R E A D  ---------------

Current thread (0x00007f8a3480d800):  VMThread [stack: 0x00000003055dd000,0x00000003056dd000] [id=13571]

Stack: [0x00000003055dd000,0x00000003056dd000],  sp=0x00000003056dbda0,  free space=1019k
Native frames: (J=compiled Java code, j=interpreted, Vv=VM code, C=native code)
V  [libjvm.dylib+0x596f97]  VMError::report_and_die()+0x40b
V  [libjvm.dylib+0x1d283e]  report_vm_error(char const*, int, char const*, char const*)+0x55
V  [libjvm.dylib+0x2c6c37]  JavaCallWrapper::JavaCallWrapper(methodHandle, Handle, JavaValue*, Thread*)+0x57
V  [libjvm.dylib+0x2c828c]  JavaCalls::call_helper(JavaValue*, methodHandle*, JavaCallArguments*, Thread*)+0x5d6
V  [libjvm.dylib+0x2c75bc]  JavaCalls::call_special(JavaValue*, KlassHandle, Symbol*, Symbol*, JavaCallArguments*, Thread*)+0x11e
V  [libjvm.dylib+0x22b455]  Exceptions::new_exception(Thread*, Symbol*, Symbol*, JavaCallArguments*, Handle, Handle)+0xbf
V  [libjvm.dylib+0x22b7bc]  Exceptions::new_exception(Thread*, Symbol*, Symbol*, JavaCallArguments*, Handle, Handle, Handle)+0x38
V  [libjvm.dylib+0x22b0ac]  Exceptions::new_exception(Thread*, Symbol*, char const*, Handle, Handle, Handle, Exceptions::ExceptionMsgToUtf8Mode)+0xde
V  [libjvm.dylib+0x22b8ce]  Exceptions::new_exception(Thread*, Symbol*, char const*, Exceptions::ExceptionMsgToUtf8Mode)+0x18
V  [libjvm.dylib+0x26804e]  GenerateOopMap::verify_error(char const*, ...)+0x8e
V  [libjvm.dylib+0x267544]  GenerateOopMap::jump_targets_do(BytecodeStream*, void (*)(GenerateOopMap*, int, int*), int*)+0xb0
V  [libjvm.dylib+0x268a57]  GenerateOopMap::interp_bb(BasicBlock*)+0x1db
V  [libjvm.dylib+0x26864e]  GenerateOopMap::interp_all()+0x3c
V  [libjvm.dylib+0x268217]  GenerateOopMap::do_interpretation()+0x4b
V  [libjvm.dylib+0x26ac60]  GenerateOopMap::compute_map(Thread*)+0x238
V  [libjvm.dylib+0x483a83]  OopMapForCacheEntry::compute_map(Thread*)+0x7f
V  [libjvm.dylib+0x484326]  OopMapCacheEntry::fill(methodHandle, int)+0x186
V  [libjvm.dylib+0x484ede]  OopMapCache::compute_one_oop_map(methodHandle, int, InterpreterOopMap*)+0x166
V  [libjvm.dylib+0x484bb6]  OopMapCache::lookup(methodHandle, int, InterpreterOopMap*) const+0x344
V  [libjvm.dylib+0x298bd5]  InstanceKlass::mask_for(methodHandle, int, InterpreterOopMap*)+0xd3
V  [libjvm.dylib+0x44be01]  Method::mask_for(int, InterpreterOopMap*)+0xb3
V  [libjvm.dylib+0x398cbf]  VM_GetOrSetLocal::doit()+0x47
V  [libjvm.dylib+0x5a8204]  VM_Operation::evaluate()+0x46
V  [libjvm.dylib+0x5a7b52]  VMThread::evaluate_operation(VM_Operation*)+0x142
V  [libjvm.dylib+0x5a7562]  VMThread::loop()+0xc0
V  [libjvm.dylib+0x5a7397]  VMThread::run()+0x85
V  [libjvm.dylib+0x48977f]  java_start(Thread*)+0xfa
C  [libsystem_pthread.dylib+0x68fc]  _pthread_start+0xe0
C  [libsystem_pthread.dylib+0x2443]  thread_start+0xf

VM_Operation (0x0000000305bf9a98): GetOrSetLocal, mode: safepoint, requested by thread 0x00007f8a3483c000


---------------  P R O C E S S  ---------------

Java Threads: ( => current thread )
  0x00007f8a13820800 JavaThread "Exec Stream Pumper" daemon [_thread_in_native, id=35331, stack(0x000000030694f000,0x0000000306a4f000)]
  0x00007f8a341d5800 JavaThread "Exec Stream Pumper" daemon [_thread_in_native, id=35587, stack(0x000000030684c000,0x000000030694c000)]
  0x00007f8a34bd8000 JavaThread "process reaper" daemon [_thread_in_native, id=26767, stack(0x0000000306821000,0x0000000306849000)]
  0x00007f8a34a21800 JavaThread "Exec Default Executor" daemon [_thread_blocked, id=27683, stack(0x000000030661b000,0x000000030671b000)]
  0x00007f8a331bf000 JavaThread "ReaderThread" [_thread_in_native, id=39971, stack(0x0000000306415000,0x0000000306515000)]
  0x00007f8a34067800 JavaThread "Service Thread" daemon [_thread_blocked, id=25351, stack(0x000000030620f000,0x000000030630f000)]
  0x00007f8a33832800 JavaThread "C1 CompilerThread3" daemon [_thread_blocked, id=24579, stack(0x000000030610c000,0x000000030620c000)]
  0x00007f8a34842800 JavaThread "C2 CompilerThread2" daemon [_thread_blocked, id=24067, stack(0x0000000306009000,0x0000000306109000)]
  0x00007f8a34841800 JavaThread "C2 CompilerThread1" daemon [_thread_blocked, id=41731, stack(0x0000000305f06000,0x0000000306006000)]
  0x00007f8a3483e800 JavaThread "C2 CompilerThread0" daemon [_thread_blocked, id=41987, stack(0x0000000305e03000,0x0000000305f03000)]
  0x00007f8a3483d800 JavaThread "JDWP Command Reader" daemon [_thread_in_native, id=42755, stack(0x0000000305d00000,0x0000000305e00000)]
  0x00007f8a33809800 JavaThread "JDWP Event Helper Thread" daemon [_thread_blocked, id=23043, stack(0x0000000305bfd000,0x0000000305cfd000)]
  0x00007f8a3483c000 JavaThread "JDWP Transport Listener: dt_socket" daemon [_thread_blocked, id=43279, stack(0x0000000305afa000,0x0000000305bfa000)]
  0x00007f8a3483b000 JavaThread "Signal Dispatcher" daemon [_thread_blocked, id=22275, stack(0x00000003059f7000,0x0000000305af7000)]
  0x00007f8a34814000 JavaThread "Finalizer" daemon [_thread_blocked, id=17923, stack(0x00000003057e3000,0x00000003058e3000)]
  0x00007f8a3404a800 JavaThread "Reference Handler" daemon [_thread_blocked, id=14115, stack(0x00000003056e0000,0x00000003057e0000)]
  0x00007f8a33016000 JavaThread "main" [_thread_blocked, id=8963, stack(0x0000000304cc2000,0x0000000304dc2000)]

Other Threads:
=>0x00007f8a3480d800 VMThread [stack: 0x00000003055dd000,0x00000003056dd000] [id=13571]
  0x00007f8a3483d000 WatcherThread [stack: 0x0000000306312000,0x0000000306412000] [id=25607]

VM state:at safepoint (normal execution)

VM Mutex/Monitor currently owned by a thread:  ([mutex/lock_event])
[0x00007f8a32c14590] Threads_lock - owner thread: 0x00007f8a3480d800

heap address: 0x0000000740000000, size: 2048 MB, Compressed Oops mode: Zero based, Oop shift amount: 3
Narrow klass base: 0x0000000000000000, Narrow klass shift: 3
Compressed class space size: 1073741824 Address: 0x00000007c0000000

Heap:
 PSYoungGen      total 71680K, used 55743K [0x0000000795580000, 0x000000079e180000, 0x00000007c0000000)
  eden space 66560K, 83% used [0x0000000795580000,0x0000000798befcb8,0x0000000799680000)
  from space 5120K, 0% used [0x0000000799680000,0x0000000799680000,0x0000000799b80000)
  to   space 5120K, 0% used [0x000000079dc80000,0x000000079dc80000,0x000000079e180000)
 ParOldGen       total 57344K, used 11283K [0x0000000740000000, 0x0000000743800000, 0x0000000795580000)
  object space 57344K, 19% used [0x0000000740000000,0x0000000740b04ce8,0x0000000743800000)
 Metaspace       used 25759K, capacity 26518K, committed 26880K, reserved 1073152K
  class space    used 3250K, capacity 3461K, committed 3584K, reserved 1048576K

Card table byte_map: [0x000000011de42000,0x000000011e243000] byte_map_base: 0x000000011a442000

Marking Bits: (ParMarkBitMap*) 0x000000010d710e68
 Begin Bits: [0x000000011e4ee000, 0x00000001204ee000)
 End Bits:   [0x00000001204ee000, 0x00000001224ee000)

Polling page: 0x00000001088da000

CodeCache: size=245760Kb used=7553Kb max_used=7564Kb free=238206Kb
 bounds [0x000000010ee42000, 0x000000010f5b2000, 0x000000011de42000]
 total_blobs=2661 nmethods=2189 adapters=394
 compilation: enabled

Compilation events (10 events):
Event: 19.373 Thread 0x00007f8a3483e800 nmethod 2182% 0x000000010f59ae90 code [0x000000010f59b000, 0x000000010f59b538]
Event: 19.375 Thread 0x00007f8a34841800 nmethod 2185% 0x000000010f59ead0 code [0x000000010f59ec40, 0x000000010f59f118]
Event: 19.375 Thread 0x00007f8a33832800 2186 %     3       java.util.Base64$Decoder::decode0 @ 28 (350 bytes)
Event: 19.376 Thread 0x00007f8a33832800 nmethod 2186% 0x000000010f5a3910 code [0x000000010f5a3c60, 0x000000010f5a5748]
Event: 19.376 Thread 0x00007f8a33832800 2187       3       java.util.Base64$Decoder::decode0 (350 bytes)
Event: 19.377 Thread 0x00007f8a33832800 nmethod 2187 0x000000010f5a6b10 code [0x000000010f5a6e60, 0x000000010f5a87a8]
Event: 19.381 Thread 0x00007f8a34842800 2188       4       sun.nio.fs.UnixPath::checkNotNul (16 bytes)
Event: 19.381 Thread 0x00007f8a33832800 2189       3       java.nio.ByteBuffer::wrap (8 bytes)
Event: 19.381 Thread 0x00007f8a33832800 nmethod 2189 0x000000010f59e310 code [0x000000010f59e4a0, 0x000000010f59e858]
Event: 19.381 Thread 0x00007f8a34842800 nmethod 2188 0x000000010f594bd0 code [0x000000010f594d20, 0x000000010f594d78]

GC Heap History (8 events):
Event: 1.596 GC heap before
{Heap before GC invocations=1 (full 0):
 PSYoungGen      total 38400K, used 33280K [0x0000000795580000, 0x0000000798000000, 0x00000007c0000000)
  eden space 33280K, 100% used [0x0000000795580000,0x0000000797600000,0x0000000797600000)
  from space 5120K, 0% used [0x0000000797b00000,0x0000000797b00000,0x0000000798000000)
  to   space 5120K, 0% used [0x0000000797600000,0x0000000797600000,0x0000000797b00000)
 ParOldGen       total 87552K, used 0K [0x0000000740000000, 0x0000000745580000, 0x0000000795580000)
  object space 87552K, 0% used [0x0000000740000000,0x0000000740000000,0x0000000745580000)
 Metaspace       used 13853K, capacity 14086K, committed 14336K, reserved 1062912K
  class space    used 1592K, capacity 1681K, committed 1792K, reserved 1048576K
Event: 1.615 GC heap after
Heap after GC invocations=1 (full 0):
 PSYoungGen      total 38400K, used 5119K [0x0000000795580000, 0x000000079a080000, 0x00000007c0000000)
  eden space 33280K, 0% used [0x0000000795580000,0x0000000795580000,0x0000000797600000)
  from space 5120K, 99% used [0x0000000797600000,0x0000000797affdc0,0x0000000797b00000)
  to   space 5120K, 0% used [0x0000000799b80000,0x0000000799b80000,0x000000079a080000)
 ParOldGen       total 87552K, used 752K [0x0000000740000000, 0x0000000745580000, 0x0000000795580000)
  object space 87552K, 0% used [0x0000000740000000,0x00000007400bc138,0x0000000745580000)
 Metaspace       used 13853K, capacity 14086K, committed 14336K, reserved 1062912K
  class space    used 1592K, capacity 1681K, committed 1792K, reserved 1048576K
}
Event: 2.286 GC heap before
{Heap before GC invocations=2 (full 0):
 PSYoungGen      total 38400K, used 38399K [0x0000000795580000, 0x000000079a080000, 0x00000007c0000000)
  eden space 33280K, 100% used [0x0000000795580000,0x0000000797600000,0x0000000797600000)
  from space 5120K, 99% used [0x0000000797600000,0x0000000797affdc0,0x0000000797b00000)
  to   space 5120K, 0% used [0x0000000799b80000,0x0000000799b80000,0x000000079a080000)
 ParOldGen       total 87552K, used 752K [0x0000000740000000, 0x0000000745580000, 0x0000000795580000)
  object space 87552K, 0% used [0x0000000740000000,0x00000007400bc138,0x0000000745580000)
 Metaspace       used 20308K, capacity 20606K, committed 20736K, reserved 1067008K
  class space    used 2437K, capacity 2529K, committed 2560K, reserved 1048576K
Event: 2.305 GC heap after
Heap after GC invocations=2 (full 0):
 PSYoungGen      total 71680K, used 5088K [0x0000000795580000, 0x000000079a080000, 0x00000007c0000000)
  eden space 66560K, 0% used [0x0000000795580000,0x0000000795580000,0x0000000799680000)
  from space 5120K, 99% used [0x0000000799b80000,0x000000079a078080,0x000000079a080000)
  to   space 5120K, 0% used [0x0000000799680000,0x0000000799680000,0x0000000799b80000)
 ParOldGen       total 87552K, used 6810K [0x0000000740000000, 0x0000000745580000, 0x0000000795580000)
  object space 87552K, 7% used [0x0000000740000000,0x00000007406a69c8,0x0000000745580000)
 Metaspace       used 20308K, capacity 20606K, committed 20736K, reserved 1067008K
  class space    used 2437K, capacity 2529K, committed 2560K, reserved 1048576K
}
Event: 2.357 GC heap before
{Heap before GC invocations=3 (full 0):
 PSYoungGen      total 71680K, used 9367K [0x0000000795580000, 0x000000079a080000, 0x00000007c0000000)
  eden space 66560K, 6% used [0x0000000795580000,0x00000007959adf38,0x0000000799680000)
  from space 5120K, 99% used [0x0000000799b80000,0x000000079a078080,0x000000079a080000)
  to   space 5120K, 0% used [0x0000000799680000,0x0000000799680000,0x0000000799b80000)
 ParOldGen       total 87552K, used 6810K [0x0000000740000000, 0x0000000745580000, 0x0000000795580000)
  object space 87552K, 7% used [0x0000000740000000,0x00000007406a69c8,0x0000000745580000)
 Metaspace       used 20798K, capacity 21054K, committed 21296K, reserved 1069056K
  class space    used 2513K, capacity 2593K, committed 2688K, reserved 1048576K
Event: 2.364 GC heap after
Heap after GC invocations=3 (full 0):
 PSYoungGen      total 71680K, used 5088K [0x0000000795580000, 0x000000079e180000, 0x00000007c0000000)
  eden space 66560K, 0% used [0x0000000795580000,0x0000000795580000,0x0000000799680000)
  from space 5120K, 99% used [0x0000000799680000,0x0000000799b780b0,0x0000000799b80000)
  to   space 5120K, 0% used [0x000000079dc80000,0x000000079dc80000,0x000000079e180000)
 ParOldGen       total 87552K, used 7437K [0x0000000740000000, 0x0000000745580000, 0x0000000795580000)
  object space 87552K, 8% used [0x0000000740000000,0x00000007407436e8,0x0000000745580000)
 Metaspace       used 20798K, capacity 21054K, committed 21296K, reserved 1069056K
  class space    used 2513K, capacity 2593K, committed 2688K, reserved 1048576K
}
Event: 2.364 GC heap before
{Heap before GC invocations=4 (full 1):
 PSYoungGen      total 71680K, used 5088K [0x0000000795580000, 0x000000079e180000, 0x00000007c0000000)
  eden space 66560K, 0% used [0x0000000795580000,0x0000000795580000,0x0000000799680000)
  from space 5120K, 99% used [0x0000000799680000,0x0000000799b780b0,0x0000000799b80000)
  to   space 5120K, 0% used [0x000000079dc80000,0x000000079dc80000,0x000000079e180000)
 ParOldGen       total 87552K, used 7437K [0x0000000740000000, 0x0000000745580000, 0x0000000795580000)
  object space 87552K, 8% used [0x0000000740000000,0x00000007407436e8,0x0000000745580000)
 Metaspace       used 20798K, capacity 21054K, committed 21296K, reserved 1069056K
  class space    used 2513K, capacity 2593K, committed 2688K, reserved 1048576K
Event: 2.388 GC heap after
Heap after GC invocations=4 (full 1):
 PSYoungGen      total 71680K, used 0K [0x0000000795580000, 0x000000079e180000, 0x00000007c0000000)
  eden space 66560K, 0% used [0x0000000795580000,0x0000000795580000,0x0000000799680000)
  from space 5120K, 0% used [0x0000000799680000,0x0000000799680000,0x0000000799b80000)
  to   space 5120K, 0% used [0x000000079dc80000,0x000000079dc80000,0x000000079e180000)
 ParOldGen       total 57344K, used 11283K [0x0000000740000000, 0x0000000743800000, 0x0000000795580000)
  object space 57344K, 19% used [0x0000000740000000,0x0000000740b04ce8,0x0000000743800000)
 Metaspace       used 20798K, capacity 21054K, committed 21296K, reserved 1069056K
  class space    used 2513K, capacity 2593K, committed 2688K, reserved 1048576K
}

Deoptimization events (10 events):
Event: 5.494 Thread 0x00007f8a33016000 Uncommon trap: reason=class_check action=maybe_recompile pc=0x000000010f4dc3ac method=org.openqa.selenium.json.Input.init()V @ 18
Event: 5.495 Thread 0x00007f8a33016000 Uncommon trap: reason=class_check action=maybe_recompile pc=0x000000010f4dc3ac method=org.openqa.selenium.json.Input.init()V @ 18
Event: 5.495 Thread 0x00007f8a33016000 Uncommon trap: reason=class_check action=maybe_recompile pc=0x000000010f4dc3ac method=org.openqa.selenium.json.Input.init()V @ 18
Event: 5.533 Thread 0x00007f8a33016000 Uncommon trap: reason=unstable_if action=reinterpret pc=0x000000010f435700 method=java.util.concurrent.ConcurrentHashMap.putVal(Ljava/lang/Object;Ljava/lang/Object;Z)Ljava/lang/Object; @ 181
Event: 8.304 Thread 0x00007f8a33016000 Uncommon trap: reason=unstable_if action=reinterpret pc=0x000000010f4111a8 method=java.util.concurrent.ConcurrentHashMap.get(Ljava/lang/Object;)Ljava/lang/Object; @ 76
Event: 8.337 Thread 0x00007f8a33016000 Uncommon trap: reason=class_check action=maybe_recompile pc=0x000000010f378d50 method=java.io.FilterInputStream.read([BII)I @ 7
Event: 8.337 Thread 0x00007f8a33016000 Uncommon trap: reason=class_check action=maybe_recompile pc=0x000000010f378d50 method=java.io.FilterInputStream.read([BII)I @ 7
Event: 8.337 Thread 0x00007f8a33016000 Uncommon trap: reason=class_check action=maybe_recompile pc=0x000000010f378d50 method=java.io.FilterInputStream.read([BII)I @ 7
Event: 8.338 Thread 0x00007f8a33016000 Uncommon trap: reason=class_check action=maybe_recompile pc=0x000000010f378d50 method=java.io.FilterInputStream.read([BII)I @ 7
Event: 8.365 Thread 0x00007f8a33016000 Uncommon trap: reason=predicate action=maybe_recompile pc=0x000000010f371f6c method=java.lang.String.regionMatches(ZILjava/lang/String;II)Z @ 63

Classes redefined (7 events):
Event: 392.822 Thread 0x00007f8a3480d800 redefined class name=com.learnautomation.pages.LoginPage, count=1
Event: 1604.304 Thread 0x00007f8a3480d800 redefined class name=com.learnautomation.pages.LoginPage, count=2
Event: 2781.638 Thread 0x00007f8a3480d800 redefined class name=com.learnautomation.pages.BaseClass, count=1
Event: 2795.480 Thread 0x00007f8a3480d800 redefined class name=com.learnautomation.pages.BaseClass, count=2
Event: 2903.929 Thread 0x00007f8a3480d800 redefined class name=com.learnautomation.pages.BaseClass, count=3
Event: 2919.504 Thread 0x00007f8a3480d800 redefined class name=com.learnautomation.pages.BaseClass, count=4
Event: 3037.813 Thread 0x00007f8a3480d800 redefined class name=com.learnautomation.pages.BaseClass, count=5

Internal exceptions (10 events):
Event: 5.584 Thread 0x00007f8a33016000 Exception <a 'java/net/SocketTimeoutException': Read timed out> (0x0000000796e08520) thrown at [/Users/jenkins/workspace/build-scripts/jobs/jdk8u/jdk8u-mac-x64-hotspot/workspace/build/src/hotspot/src/share/vm/prims/jni.cpp, line 738]
Event: 5.722 Thread 0x00007f8a33016000 Exception <a 'java/net/SocketTimeoutException': Read timed out> (0x0000000796e1e908) thrown at [/Users/jenkins/workspace/build-scripts/jobs/jdk8u/jdk8u-mac-x64-hotspot/workspace/build/src/hotspot/src/share/vm/prims/jni.cpp, line 738]
Event: 8.284 Thread 0x00007f8a33016000 Exception <a 'java/net/SocketTimeoutException': Read timed out> (0x0000000796e32680) thrown at [/Users/jenkins/workspace/build-scripts/jobs/jdk8u/jdk8u-mac-x64-hotspot/workspace/build/src/hotspot/src/share/vm/prims/jni.cpp, line 738]
Event: 11.452 Thread 0x00007f8a33016000 Exception <a 'java/net/SocketTimeoutException': Read timed out> (0x000000079734def0) thrown at [/Users/jenkins/workspace/build-scripts/jobs/jdk8u/jdk8u-mac-x64-hotspot/workspace/build/src/hotspot/src/share/vm/prims/jni.cpp, line 738]
Event: 11.599 Thread 0x00007f8a33016000 Exception <a 'java/lang/NoSuchMethodError': java.lang.Object.of(Ljava/lang/Object;)Ljava/util/stream/Stream;> (0x0000000797358fc8) thrown at [/Users/jenkins/workspace/build-scripts/jobs/jdk8u/jdk8u-mac-x64-hotspot/workspace/build/src/hotspot/src/share/vm/
Event: 11.615 Thread 0x00007f8a33016000 Exception <a 'java/net/SocketTimeoutException': Read timed out> (0x000000079738dd90) thrown at [/Users/jenkins/workspace/build-scripts/jobs/jdk8u/jdk8u-mac-x64-hotspot/workspace/build/src/hotspot/src/share/vm/prims/jni.cpp, line 738]
Event: 12.219 Thread 0x00007f8a33016000 Exception <a 'java/net/SocketTimeoutException': Read timed out> (0x00000007973a09e0) thrown at [/Users/jenkins/workspace/build-scripts/jobs/jdk8u/jdk8u-mac-x64-hotspot/workspace/build/src/hotspot/src/share/vm/prims/jni.cpp, line 738]
Event: 12.230 Thread 0x00007f8a33016000 Exception <a 'java/net/SocketTimeoutException': Read timed out> (0x00000007973c0e00) thrown at [/Users/jenkins/workspace/build-scripts/jobs/jdk8u/jdk8u-mac-x64-hotspot/workspace/build/src/hotspot/src/share/vm/prims/jni.cpp, line 738]
Event: 12.666 Thread 0x00007f8a33016000 Exception <a 'java/net/SocketTimeoutException': Read timed out> (0x00000007973d3dc8) thrown at [/Users/jenkins/workspace/build-scripts/jobs/jdk8u/jdk8u-mac-x64-hotspot/workspace/build/src/hotspot/src/share/vm/prims/jni.cpp, line 738]
Event: 12.799 Thread 0x00007f8a33016000 Exception <a 'java/net/SocketTimeoutException': Read timed out> (0x00000007973ec940) thrown at [/Users/jenkins/workspace/build-scripts/jobs/jdk8u/jdk8u-mac-x64-hotspot/workspace/build/src/hotspot/src/share/vm/prims/jni.cpp, line 738]

Events (10 events):
Event: 3037.813 Executing VM operation: RedefineClasses done
Event: 3037.820 Executing VM operation: ChangeBreakpoints
Event: 3037.820 Executing VM operation: ChangeBreakpoints done
Event: 3037.832 Executing VM operation: EnterInterpOnlyMode
Event: 3037.832 Executing VM operation: EnterInterpOnlyMode done
Event: 3037.832 Executing VM operation: GetCurrentLocation
Event: 3037.832 Executing VM operation: GetCurrentLocation done
Event: 3037.832 Executing VM operation: ChangeSingleStep
Event: 3037.832 Executing VM operation: ChangeSingleStep done
Event: 3037.833 Executing VM operation: GetOrSetLocal


Dynamic libraries:
0x00007ffdffef6000 	/Library/Apple/usr/libexec/oah/runtime
0x00007fff350fe000 	/System/Library/Frameworks/Cocoa.framework/Versions/A/Cocoa
0x00007fff220d0000 	/System/Library/Frameworks/Security.framework/Versions/A/Security
0x00007fff3330b000 	/System/Library/Frameworks/ApplicationServices.framework/Versions/A/ApplicationServices
0x00007fff2a597000 	/usr/lib/libz.1.dylib
0x00007fff2a663000 	/usr/lib/libSystem.B.dylib
0x00007fff20392000 	/System/Library/Frameworks/CoreFoundation.framework/Versions/A/CoreFoundation
0x00007fff21069000 	/System/Library/Frameworks/Foundation.framework/Versions/C/Foundation
0x00007fff201b2000 	/usr/lib/libobjc.A.dylib
0x00007fff22afe000 	/System/Library/Frameworks/AppKit.framework/Versions/C/AppKit
0x00007fff259e5000 	/System/Library/Frameworks/CoreData.framework/Versions/A/CoreData
0x00007fff23847000 	/System/Library/PrivateFrameworks/UIFoundation.framework/Versions/A/UIFoundation
0x00007fff2fde1000 	/System/Library/PrivateFrameworks/RemoteViewServices.framework/Versions/A/RemoteViewServices
0x00007fff28b91000 	/System/Library/PrivateFrameworks/XCTTargetBootstrap.framework/Versions/A/XCTTargetBootstrap
0x00007fff2b8e3000 	/usr/lib/libspindump.dylib
0x00007fff23a96000 	/System/Library/Frameworks/UniformTypeIdentifiers.framework/Versions/A/UniformTypeIdentifiers
0x00007fff27391000 	/usr/lib/libapp_launch_measurement.dylib
0x00007fff27394000 	/System/Library/PrivateFrameworks/CoreAutoLayout.framework/Versions/A/CoreAutoLayout
0x00007fff284f4000 	/System/Library/Frameworks/Metal.framework/Versions/A/Metal
0x00007fff291f2000 	/usr/lib/liblangid.dylib
0x00007fff28b95000 	/System/Library/PrivateFrameworks/CoreSVG.framework/Versions/A/CoreSVG
0x00007fff24ad5000 	/System/Library/PrivateFrameworks/SkyLight.framework/Versions/A/SkyLight
0x00007fff24e3a000 	/System/Library/Frameworks/CoreGraphics.framework/Versions/A/CoreGraphics
0x00007fff30308000 	/System/Library/Frameworks/Accelerate.framework/Versions/A/Accelerate
0x00007fff2b321000 	/System/Library/PrivateFrameworks/IconServices.framework/Versions/A/IconServices
0x00007fff284d8000 	/System/Library/Frameworks/IOSurface.framework/Versions/A/IOSurface
0x00007fff26379000 	/usr/lib/libDiagnosticMessagesClient.dylib
0x00007fff28b7d000 	/System/Library/PrivateFrameworks/DFRFoundation.framework/Versions/A/DFRFoundation
0x00007fff22425000 	/usr/lib/libicucore.A.dylib
0x00007fff2ce28000 	/System/Library/Frameworks/AudioToolbox.framework/Versions/A/AudioToolbox
0x00007fff2c0b2000 	/System/Library/PrivateFrameworks/DataDetectorsCore.framework/Versions/A/DataDetectorsCore
0x00007fff24a49000 	/usr/lib/libMobileGestalt.dylib
0x00007fff28881000 	/System/Library/Frameworks/Carbon.framework/Versions/A/Frameworks/HIToolbox.framework/Versions/A/HIToolbox
0x00007fff26dd7000 	/System/Library/Frameworks/QuartzCore.framework/Versions/A/QuartzCore
0x00007fff2fe19000 	/System/Library/Frameworks/Carbon.framework/Versions/A/Frameworks/SpeechRecognition.framework/Versions/A/SpeechRecognition
0x00007fff270f6000 	/System/Library/PrivateFrameworks/CoreUI.framework/Versions/A/CoreUI
0x00007fff21a3f000 	/System/Library/Frameworks/CoreAudio.framework/Versions/A/CoreAudio
0x00007fff26464000 	/System/Library/Frameworks/DiskArbitration.framework/Versions/A/DiskArbitration
0x00007fff2bcb0000 	/System/Library/PrivateFrameworks/MultitouchSupport.framework/Versions/A/MultitouchSupport
0x00007fff2c0a9000 	/System/Library/PrivateFrameworks/InternationalSupport.framework/Versions/A/InternationalSupport
0x00007fff24a48000 	/usr/lib/libenergytrace.dylib
0x00007fff229f5000 	/System/Library/Frameworks/IOKit.framework/Versions/A/IOKit
0x00007fff3014c000 	/System/Library/Frameworks/CoreServices.framework/Versions/A/CoreServices
0x00007fff27323000 	/System/Library/PrivateFrameworks/PerformanceAnalysis.framework/Versions/A/PerformanceAnalysis
0x00007fff6bc0e000 	/System/Library/Frameworks/OpenGL.framework/Versions/A/OpenGL
0x00007fff2c12d000 	/System/Library/PrivateFrameworks/UserActivity.framework/Versions/A/UserActivity
0x00007fff254ec000 	/System/Library/Frameworks/ColorSync.framework/Versions/A/ColorSync
0x00007fff28e00000 	/System/Library/Frameworks/CoreImage.framework/Versions/A/CoreImage
0x00007fff21859000 	/System/Library/Frameworks/CoreText.framework/Versions/A/CoreText
0x00007fff28bbf000 	/System/Library/Frameworks/ImageIO.framework/Versions/A/ImageIO
0x00007fff2a669000 	/System/Library/PrivateFrameworks/SoftLinking.framework/Versions/A/SoftLinking
0x00007fff273dc000 	/usr/lib/libxml2.2.dylib
0x00007fff20278000 	/usr/lib/libc++.1.dylib
0x00007fff2a8d6000 	/usr/lib/libcompression.dylib
0x00007fff2bfdb000 	/System/Library/PrivateFrameworks/TextureIO.framework/Versions/A/TextureIO
0x00007fff2afc6000 	/usr/lib/libate.dylib
0x00007fff2a65d000 	/usr/lib/system/libcache.dylib
0x00007fff2a619000 	/usr/lib/system/libcommonCrypto.dylib
0x00007fff2a643000 	/usr/lib/system/libcompiler_rt.dylib
0x00007fff2a638000 	/usr/lib/system/libcopyfile.dylib
0x00007fff200a2000 	/usr/lib/system/libcorecrypto.dylib
0x00007fff2016d000 	/usr/lib/system/libdispatch.dylib
0x00007fff20320000 	/usr/lib/system/libdyld.dylib
0x00007fff2a654000 	/usr/lib/system/libkeymgr.dylib
0x00007fff2dbbf000 	/usr/lib/system/liblaunch.dylib
0x00007fff2a5f7000 	/usr/lib/system/libmacho.dylib
0x00007fff29deb000 	/usr/lib/system/libquarantine.dylib
0x00007fff2a651000 	/usr/lib/system/libremovefile.dylib
0x00007fff24aa6000 	/usr/lib/system/libsystem_asl.dylib
0x00007fff20052000 	/usr/lib/system/libsystem_blocks.dylib
0x00007fff201ef000 	/usr/lib/system/libsystem_c.dylib
0x00007fff2a64b000 	/usr/lib/system/libsystem_collections.dylib
0x00007fff291e3000 	/usr/lib/system/libsystem_configuration.dylib
0x00007fff284c7000 	/usr/lib/system/libsystem_containermanager.dylib
0x00007fff2a396000 	/usr/lib/system/libsystem_coreservices.dylib
0x00007fff22685000 	/usr/lib/system/libsystem_darwin.dylib
0x00007fff2a655000 	/usr/lib/system/libsystem_dnssd.dylib
0x00007fff201ec000 	/usr/lib/system/libsystem_featureflags.dylib
0x00007fff20366000 	/usr/lib/system/libsystem_info.dylib
0x00007fff2a5aa000 	/usr/lib/system/libsystem_m.dylib
0x00007fff20140000 	/usr/lib/system/libsystem_malloc.dylib
0x00007fff24a39000 	/usr/lib/system/libsystem_networkextension.dylib
0x00007fff22aa4000 	/usr/lib/system/libsystem_notify.dylib
0x00007fff3004e000 	/usr/lib/system/libsystem_product_info_filter.dylib
0x00007fff291e7000 	/usr/lib/system/libsystem_sandbox.dylib
0x00007fff2a64e000 	/usr/lib/system/libsystem_secinit.dylib
0x00007fff202e4000 	/usr/lib/system/libsystem_kernel.dylib
0x00007fff2035c000 	/usr/lib/system/libsystem_platform.dylib
0x00007fff20314000 	/usr/lib/system/libsystem_pthread.dylib
0x00007fff261b5000 	/usr/lib/system/libsystem_symptoms.dylib
0x00007fff2008a000 	/usr/lib/system/libsystem_trace.dylib
0x00007fff2a625000 	/usr/lib/system/libunwind.dylib
0x00007fff20054000 	/usr/lib/system/libxpc.dylib
0x00007fff202ce000 	/usr/lib/libc++abi.dylib
0x00007fff2a630000 	/usr/lib/liboah.dylib
0x00007fff2acf2000 	/usr/lib/liblzma.5.dylib
0x00007fff20d7d000 	/System/Library/Frameworks/SystemConfiguration.framework/Versions/A/SystemConfiguration
0x00007fff2a665000 	/usr/lib/libfakelink.dylib
0x00007fff2459a000 	/System/Library/Frameworks/CFNetwork.framework/Versions/A/CFNetwork
0x00007fff2a7a5000 	/usr/lib/libarchive.2.dylib
0x00007fff20dfb000 	/usr/lib/libCRFSuite.dylib
0x00007fff29e12000 	/usr/lib/libbsm.0.dylib
0x00007fff23f13000 	/usr/lib/libnetwork.dylib
0x00007fff2a66a000 	/usr/lib/libpcap.A.dylib
0x00007fff261ae000 	/usr/lib/libdns_services.dylib
0x00007fff2ad0b000 	/usr/lib/libcoretls_cfhelpers.dylib
0x00007fff2a8a4000 	/usr/lib/libapple_nghttp2.dylib
0x00007fff2a5fd000 	/usr/lib/system/libkxld.dylib
0x00007fff25e2c000 	/usr/lib/libsqlite3.dylib
0x00007fff2a379000 	/System/Library/PrivateFrameworks/AppleFSCompression.framework/Versions/A/AppleFSCompression
0x00007fff29dfa000 	/usr/lib/libcoretls.dylib
0x00007fff2a8d1000 	/usr/lib/libpam.2.dylib
0x00007fff2ae09000 	/usr/lib/libxar.1.dylib
0x00007fff291ee000 	/System/Library/PrivateFrameworks/AppleSystemInfo.framework/Versions/A/AppleSystemInfo
0x00007fff29a3c000 	/System/Library/PrivateFrameworks/IOMobileFramebuffer.framework/Versions/A/IOMobileFramebuffer
0x00007fff2a389000 	/usr/lib/libbz2.1.0.dylib
0x00007fff2a6a2000 	/usr/lib/libiconv.2.dylib
0x00007fff2a5f6000 	/usr/lib/libcharset.1.dylib
0x00007fff2735f000 	/System/Library/Frameworks/CoreServices.framework/Versions/A/Frameworks/FSEvents.framework/Versions/A/FSEvents
0x00007fff2268f000 	/System/Library/Frameworks/CoreServices.framework/Versions/A/Frameworks/CarbonCore.framework/Versions/A/CarbonCore
0x00007fff263c9000 	/System/Library/Frameworks/CoreServices.framework/Versions/A/Frameworks/Metadata.framework/Versions/A/Metadata
0x00007fff2a39b000 	/System/Library/Frameworks/CoreServices.framework/Versions/A/Frameworks/OSServices.framework/Versions/A/OSServices
0x00007fff2a817000 	/System/Library/Frameworks/CoreServices.framework/Versions/A/Frameworks/SearchKit.framework/Versions/A/SearchKit
0x00007fff26139000 	/System/Library/Frameworks/CoreServices.framework/Versions/A/Frameworks/AE.framework/Versions/A/AE
0x00007fff20830000 	/System/Library/Frameworks/CoreServices.framework/Versions/A/Frameworks/LaunchServices.framework/Versions/A/LaunchServices
0x00007fff2aca2000 	/System/Library/Frameworks/CoreServices.framework/Versions/A/Frameworks/DictionaryServices.framework/Versions/A/DictionaryServices
0x00007fff2736c000 	/System/Library/Frameworks/CoreServices.framework/Versions/A/Frameworks/SharedFileList.framework/Versions/A/SharedFileList
0x00007fff29dee000 	/usr/lib/libCheckFix.dylib
0x00007fff24abd000 	/System/Library/PrivateFrameworks/TCC.framework/Versions/A/TCC
0x00007fff291f4000 	/System/Library/PrivateFrameworks/CoreNLP.framework/Versions/A/CoreNLP
0x00007fff2637c000 	/System/Library/PrivateFrameworks/MetadataUtilities.framework/Versions/A/MetadataUtilities
0x00007fff20e30000 	/usr/lib/libmecabra.dylib
0x00007fff2a0f8000 	/System/Library/Frameworks/MLCompute.framework/Versions/A/MLCompute
0x00007fff29e23000 	/usr/lib/libmecab.dylib
0x00007fff29e6d000 	/usr/lib/libgermantok.dylib
0x00007fff2a87f000 	/usr/lib/libThaiTokenizer.dylib
0x00007fff2ae44000 	/usr/lib/libChineseTokenizer.dylib
0x00007fff2a8cf000 	/System/Library/Frameworks/MetalPerformanceShaders.framework/Versions/A/MetalPerformanceShaders
0x00007fff2646b000 	/System/Library/Frameworks/Accelerate.framework/Versions/A/Frameworks/vImage.framework/Versions/A/vImage
0x00007fff30126000 	/System/Library/Frameworks/Accelerate.framework/Versions/A/Frameworks/vecLib.framework/Versions/A/vecLib
0x00007fff2ae4f000 	/System/Library/Frameworks/Accelerate.framework/Versions/A/Frameworks/vecLib.framework/Versions/A/libvMisc.dylib
0x00007fff2989c000 	/System/Library/Frameworks/Accelerate.framework/Versions/A/Frameworks/vecLib.framework/Versions/A/libvDSP.dylib
0x00007fff20b39000 	/System/Library/Frameworks/Accelerate.framework/Versions/A/Frameworks/vecLib.framework/Versions/A/libBLAS.dylib
0x00007fff2a8fd000 	/System/Library/Frameworks/Accelerate.framework/Versions/A/Frameworks/vecLib.framework/Versions/A/libLAPACK.dylib
0x00007fff29e73000 	/System/Library/Frameworks/Accelerate.framework/Versions/A/Frameworks/vecLib.framework/Versions/A/libLinearAlgebra.dylib
0x00007fff2a8bc000 	/System/Library/Frameworks/Accelerate.framework/Versions/A/Frameworks/vecLib.framework/Versions/A/libSparseBLAS.dylib
0x00007fff2a8f7000 	/System/Library/Frameworks/Accelerate.framework/Versions/A/Frameworks/vecLib.framework/Versions/A/libQuadrature.dylib
0x00007fff292a0000 	/System/Library/Frameworks/Accelerate.framework/Versions/A/Frameworks/vecLib.framework/Versions/A/libBNNS.dylib
0x00007fff20d0e000 	/System/Library/Frameworks/Accelerate.framework/Versions/A/Frameworks/vecLib.framework/Versions/A/libSparse.dylib
0x00007fff2917c000 	/System/Library/Frameworks/MetalPerformanceShaders.framework/Versions/A/Frameworks/MPSCore.framework/Versions/A/MPSCore
0x00007fff2a2e8000 	/System/Library/Frameworks/MetalPerformanceShaders.framework/Versions/A/Frameworks/MPSImage.framework/Versions/A/MPSImage
0x00007fff29e89000 	/System/Library/Frameworks/MetalPerformanceShaders.framework/Versions/A/Frameworks/MPSNeuralNetwork.framework/Versions/A/MPSNeuralNetwork
0x00007fff2a25a000 	/System/Library/Frameworks/MetalPerformanceShaders.framework/Versions/A/Frameworks/MPSMatrix.framework/Versions/A/MPSMatrix
0x00007fff2a0a8000 	/System/Library/Frameworks/MetalPerformanceShaders.framework/Versions/A/Frameworks/MPSRayIntersector.framework/Versions/A/MPSRayIntersector
0x00007fff2a291000 	/System/Library/Frameworks/MetalPerformanceShaders.framework/Versions/A/Frameworks/MPSNDArray.framework/Versions/A/MPSNDArray
0x00007fff20a65000 	/System/Library/PrivateFrameworks/MetalTools.framework/Versions/A/MetalTools
0x00007fff291ec000 	/System/Library/PrivateFrameworks/AggregateDictionary.framework/Versions/A/AggregateDictionary
0x00007fff26349000 	/System/Library/PrivateFrameworks/CoreAnalytics.framework/Versions/A/CoreAnalytics
0x00007fff2a881000 	/System/Library/PrivateFrameworks/AppleSauce.framework/Versions/A/AppleSauce
0x00007fff284ea000 	/System/Library/PrivateFrameworks/IOAccelerator.framework/Versions/A/IOAccelerator
0x00007fff6bc02000 	/System/Library/Frameworks/OpenGL.framework/Versions/A/Libraries/libCoreFSCache.dylib
0x00007fff213c8000 	/System/Library/PrivateFrameworks/LanguageModeling.framework/Versions/A/LanguageModeling
0x00007fff29a2a000 	/System/Library/PrivateFrameworks/CoreEmoji.framework/Versions/A/CoreEmoji
0x00007fff29299000 	/System/Library/PrivateFrameworks/LinguisticData.framework/Versions/A/LinguisticData
0x00007fff20cc0000 	/System/Library/PrivateFrameworks/Lexicon.framework/Versions/A/Lexicon
0x00007fff2a793000 	/usr/lib/libcmph.dylib
0x00007fff2733f000 	/System/Library/Frameworks/OpenDirectory.framework/Versions/A/Frameworks/CFOpenDirectory.framework/Versions/A/CFOpenDirectory
0x00007fff2732f000 	/System/Library/Frameworks/OpenDirectory.framework/Versions/A/OpenDirectory
0x00007fff2ad0d000 	/System/Library/PrivateFrameworks/APFS.framework/Versions/A/APFS
0x00007fff29d50000 	/System/Library/Frameworks/SecurityFoundation.framework/Versions/A/SecurityFoundation
0x00007fff2ae17000 	/usr/lib/libutil.dylib
0x00007fff229ba000 	/System/Library/PrivateFrameworks/CoreServicesStore.framework/Versions/A/CoreServicesStore
0x00007fff29de6000 	/System/Library/Frameworks/ServiceManagement.framework/Versions/A/ServiceManagement
0x00007fff2ae1b000 	/usr/lib/libxslt.1.dylib
0x00007fff29ddc000 	/System/Library/PrivateFrameworks/BackgroundTaskManagement.framework/Versions/A/BackgroundTaskManagement
0x00007fff2bf26000 	/System/Library/Frameworks/ImageIO.framework/Versions/A/Resources/libRadiance.dylib
0x00007fff2bf2f000 	/System/Library/Frameworks/ImageIO.framework/Versions/A/Resources/libJPEG.dylib
0x00007fff2be7a000 	/System/Library/Frameworks/ImageIO.framework/Versions/A/Resources/libPng.dylib
0x00007fff2bea1000 	/System/Library/Frameworks/ImageIO.framework/Versions/A/Resources/libTIFF.dylib
0x00007fff2bf84000 	/System/Library/Frameworks/ImageIO.framework/Versions/A/Resources/libGIF.dylib
0x00007fff2bbcd000 	/System/Library/Frameworks/ImageIO.framework/Versions/A/Resources/libJP2.dylib
0x00007fff2b2e9000 	/usr/lib/libexpat.1.dylib
0x00007fff2bb83000 	/System/Library/PrivateFrameworks/AppleJPEG.framework/Versions/A/AppleJPEG
0x00007fff28720000 	/System/Library/PrivateFrameworks/FontServices.framework/libFontParser.dylib
0x00007fff260f0000 	/System/Library/PrivateFrameworks/RunningBoardServices.framework/Versions/A/RunningBoardServices
0x00007fff2bcac000 	/System/Library/PrivateFrameworks/WatchdogClient.framework/Versions/A/WatchdogClient
0x00007fff214b1000 	/System/Library/Frameworks/CoreDisplay.framework/Versions/A/CoreDisplay
0x00007fff28635000 	/System/Library/Frameworks/CoreMedia.framework/Versions/A/CoreMedia
0x00007fff274bf000 	/System/Library/Frameworks/CoreVideo.framework/Versions/A/CoreVideo
0x00007fff2bce7000 	/System/Library/Frameworks/VideoToolbox.framework/Versions/A/VideoToolbox
0x00007fff26070000 	/System/Library/PrivateFrameworks/BaseBoard.framework/Versions/A/BaseBoard
0x00007fff2b42d000 	/System/Library/PrivateFrameworks/PersistentConnection.framework/Versions/A/PersistentConnection
0x00007fff25e16000 	/System/Library/PrivateFrameworks/ProtocolBuffer.framework/Versions/A/ProtocolBuffer
0x00007fff26058000 	/System/Library/PrivateFrameworks/CommonUtilities.framework/Versions/A/CommonUtilities
0x00007fff2bb46000 	/System/Library/PrivateFrameworks/Bom.framework/Versions/A/Bom
0x00007fff2bf1e000 	/System/Library/PrivateFrameworks/GPUWrangler.framework/Versions/A/GPUWrangler
0x00007fff2bf01000 	/System/Library/PrivateFrameworks/IOPresentment.framework/Versions/A/IOPresentment
0x00007fff2bf29000 	/System/Library/PrivateFrameworks/DSExternalDisplay.framework/Versions/A/DSExternalDisplay
0x00007fff2bf89000 	/System/Library/PrivateFrameworks/CMCaptureCore.framework/Versions/A/CMCaptureCore
0x00007fff2b8c9000 	/System/Library/PrivateFrameworks/AppServerSupport.framework/Versions/A/AppServerSupport
0x00007fff2d962000 	/System/Library/PrivateFrameworks/perfdata.framework/Versions/A/perfdata
0x00007fff29d3f000 	/System/Library/PrivateFrameworks/AssertionServices.framework/Versions/A/AssertionServices
0x00007fff215e8000 	/System/Library/PrivateFrameworks/AudioToolboxCore.framework/Versions/A/AudioToolboxCore
0x00007fff28618000 	/System/Library/PrivateFrameworks/caulk.framework/Versions/A/caulk
0x00007fff3cd9a000 	/System/Library/PrivateFrameworks/SystemPolicy.framework/Versions/A/SystemPolicy
0x00007fff2b0f8000 	/usr/lib/libIOReport.dylib
0x00007fff2d19e000 	/usr/lib/libSMC.dylib
0x00007fff2be46000 	/usr/lib/libAudioToolboxUtility.dylib
0x00007fff3d6f4000 	/usr/lib/libmis.dylib
0x00007fff6bc5e000 	/System/Library/Frameworks/OpenGL.framework/Versions/A/Libraries/libGLU.dylib
0x00007fff6bc21000 	/System/Library/Frameworks/OpenGL.framework/Versions/A/Libraries/libGFXShared.dylib
0x00007fff6be2f000 	/System/Library/Frameworks/OpenGL.framework/Versions/A/Libraries/libGL.dylib
0x00007fff6bc2a000 	/System/Library/Frameworks/OpenGL.framework/Versions/A/Libraries/libGLImage.dylib
0x00007fff6bc1e000 	/System/Library/Frameworks/OpenGL.framework/Versions/A/Libraries/libCVMSPluginSupport.dylib
0x00007fff6bc09000 	/System/Library/Frameworks/OpenGL.framework/Versions/A/Libraries/libCoreVMClient.dylib
0x00007fff6d279000 	/System/Library/Frameworks/OpenCL.framework/Versions/A/OpenCL
0x00007fff2b456000 	/System/Library/PrivateFrameworks/GraphVisualizer.framework/Versions/A/GraphVisualizer
0x00007fff2b465000 	/System/Library/PrivateFrameworks/FaceCore.framework/Versions/A/FaceCore
0x00007fff2b881000 	/System/Library/PrivateFrameworks/OTSVG.framework/Versions/A/OTSVG
0x00007fff270b4000 	/System/Library/Frameworks/ApplicationServices.framework/Versions/A/Frameworks/ATS.framework/Versions/A/Resources/libFontRegistry.dylib
0x00007fff2b8d0000 	/System/Library/PrivateFrameworks/FontServices.framework/libhvf.dylib
0x00007fff2b295000 	/System/Library/PrivateFrameworks/AppleVA.framework/Versions/A/AppleVA
0x00007fff2cfe6000 	/System/Library/Frameworks/ApplicationServices.framework/Versions/A/Frameworks/ATS.framework/Versions/A/ATS
0x00007fff2d2f9000 	/System/Library/Frameworks/ApplicationServices.framework/Versions/A/Frameworks/ColorSyncLegacy.framework/Versions/A/ColorSyncLegacy
0x00007fff255e3000 	/System/Library/Frameworks/ApplicationServices.framework/Versions/A/Frameworks/HIServices.framework/Versions/A/HIServices
0x00007fff2d2de000 	/System/Library/Frameworks/ApplicationServices.framework/Versions/A/Frameworks/LangAnalysis.framework/Versions/A/LangAnalysis
0x00007fff2bf93000 	/System/Library/Frameworks/ApplicationServices.framework/Versions/A/Frameworks/PrintCore.framework/Versions/A/PrintCore
0x00007fff2d301000 	/System/Library/Frameworks/ApplicationServices.framework/Versions/A/Frameworks/QD.framework/Versions/A/QD
0x00007fff2cfd6000 	/System/Library/Frameworks/ApplicationServices.framework/Versions/A/Frameworks/SpeechSynthesis.framework/Versions/A/SpeechSynthesis
0x00007fff2bf54000 	/System/Library/Frameworks/ApplicationServices.framework/Versions/A/Frameworks/ATSUI.framework/Versions/A/ATSUI
0x00007fff2d27e000 	/usr/lib/libcups.2.dylib
0x00007fff2d2ee000 	/System/Library/PrivateFrameworks/NetAuth.framework/Versions/A/NetAuth
0x00007fff2d97d000 	/System/Library/Frameworks/Kerberos.framework/Versions/A/Kerberos
0x00007fff2d98d000 	/System/Library/Frameworks/GSS.framework/Versions/A/GSS
0x00007fff2d053000 	/usr/lib/libresolv.9.dylib
0x00007fff2b8e6000 	/System/Library/PrivateFrameworks/Heimdal.framework/Versions/A/Heimdal
0x00007fff33620000 	/System/Library/Frameworks/Kerberos.framework/Versions/A/Libraries/libHeimdalProxy.dylib
0x00007fff261bd000 	/System/Library/Frameworks/Network.framework/Versions/A/Network
0x00007fff2b302000 	/usr/lib/libheimdal-asn1.dylib
0x00007fff2d9de000 	/System/Library/PrivateFrameworks/CommonAuth.framework/Versions/A/CommonAuth
0x00007fff2750d000 	/System/Library/PrivateFrameworks/login.framework/Versions/A/Frameworks/loginsupport.framework/Versions/A/loginsupport
0x00007fff2cf5d000 	/System/Library/PrivateFrameworks/AudioSession.framework/Versions/A/AudioSession
0x00007fff2cfc3000 	/usr/lib/libAudioStatistics.dylib
0x00007fff2b38e000 	/System/Library/PrivateFrameworks/MediaExperience.framework/Versions/A/MediaExperience
0x00007fff2cdf6000 	/System/Library/PrivateFrameworks/AudioSession.framework/libSessionUtility.dylib
0x00007fff2d96e000 	/usr/lib/libperfcheck.dylib
0x00007fff2d30d000 	/System/Library/PrivateFrameworks/AudioResourceArbitration.framework/Versions/A/AudioResourceArbitration
0x00007fff2b30c000 	/System/Library/PrivateFrameworks/IconFoundation.framework/Versions/A/IconFoundation
0x00007fff2fe09000 	/System/Library/PrivateFrameworks/SpeechRecognitionCore.framework/Versions/A/SpeechRecognitionCore
0x000000010d000000 	/Library/Java/JavaVirtualMachines/adoptopenjdk-8.jdk/Contents/Home/jre/lib/server/libjvm.dylib
0x0000000108823000 	/Library/Java/JavaVirtualMachines/adoptopenjdk-8.jdk/Contents/Home/jre/lib/libverify.dylib
0x0000000108848000 	/Library/Java/JavaVirtualMachines/adoptopenjdk-8.jdk/Contents/Home/jre/lib/libjava.dylib
0x00000001088db000 	/Library/Java/JavaVirtualMachines/adoptopenjdk-8.jdk/Contents/Home/jre/lib/libjdwp.dylib
0x000000010898b000 	/Library/Java/JavaVirtualMachines/adoptopenjdk-8.jdk/Contents/Home/jre/lib/libnpt.dylib
0x00000001089e9000 	/Library/Java/JavaVirtualMachines/adoptopenjdk-8.jdk/Contents/Home/jre/lib/libzip.dylib
0x0000000108ee3000 	/Library/Java/JavaVirtualMachines/adoptopenjdk-8.jdk/Contents/Home/jre/lib/libdt_socket.dylib
0x0000000108fcb000 	/Library/Java/JavaVirtualMachines/adoptopenjdk-8.jdk/Contents/Home/jre/lib/libnio.dylib
0x000000012511b000 	/Library/Java/JavaVirtualMachines/adoptopenjdk-8.jdk/Contents/Home/jre/lib/libnet.dylib
0x0000000125606000 	/Library/Java/JavaVirtualMachines/adoptopenjdk-8.jdk/Contents/Home/jre/lib/libsunec.dylib

VM Arguments:
jvm_args: -agentlib:jdwp=transport=dt_socket,suspend=y,address=localhost:53125 -ea -Dfile.encoding=UTF-8 
java_command: org.testng.remote.RemoteTestNG -serport 53124 -protocol json -d /Users/ritsulu/Automation/Framework/test-output /Users/ritsulu/Automation/Framework/XMLFiles/testng.xml
java_class_path (initial): /Users/ritsulu/.eclipse/org.eclipse.platform_4.20.0_1231987628_macosx_cocoa_x86_64/configuration/org.eclipse.osgi/932/0/.cp/lib/testng-remote.jar:/Users/ritsulu/Automation/Framework/target/test-classes:/Users/ritsulu/Automation/Framework/target/classes:/Users/ritsulu/Downloads/poi-3.7/poi-3.7-20101029.jar:/Users/ritsulu/Downloads/poi-3.7/poi-examples-3.7-20101029.jar:/Users/ritsulu/Downloads/poi-3.7/poi-ooxml-3.7-20101029.jar:/Users/ritsulu/Downloads/poi-3.7/poi-ooxml-schemas-3.7-20101029.jar:/Users/ritsulu/Downloads/poi-3.7/poi-scratchpad-3.7-20101029.jar:/Users/ritsulu/Downloads/poi-3.7/ooxml-lib/dom4j-1.6.1.jar:/Users/ritsulu/Downloads/poi-3.7/ooxml-lib/geronimo-stax-api_1.0_spec-1.0.jar:/Users/ritsulu/Downloads/poi-3.7/ooxml-lib/xmlbeans-2.3.0.jar:/Users/ritsulu/Downloads/poi-3.7/lib/commons-logging-1.1.jar:/Users/ritsulu/Downloads/poi-3.7/lib/junit-3.8.1.jar:/Users/ritsulu/Downloads/poi-3.7/lib/log4j-1.2.13.jar:/Users/ritsulu/.m2/repository/org/seleniumhq/selenium/selenium-java/3.141.59/selenium-java-3.141.59.jar:/Users/ritsulu/.m2/repository/org/seleniumhq/selenium/selenium-api/3.141.59/selenium-api-3.141.59.jar:/Users/ritsulu/.m2/repository/org/seleniumhq/selenium/selenium-chrome-driver/3.141.59/selenium-chrome-driver-3.141.59.jar:/Users/ritsulu/.m2/repository/org/seleniumhq/selenium/selenium-edge-driver/3.141.59/selenium-edge-driver-3.141.59.jar:/Users/ritsulu/.m2/repository/org/seleniumhq/selenium/selenium-firefox-driver/3.141.59/selenium-firefox-driver-3.141.59.jar:/Users/ritsulu/.m2/repository/org/seleniumhq/selenium/selenium-ie-driver/3.141.59/selenium-ie-driver-3.141.59.jar:/Users/ritsulu/.m2/repository/org/seleniumhq/selenium/selenium-opera-driver/3.141.59/selenium-opera-driver-3.141.59.jar:/Users/ritsulu/.m2/repository/org/seleniumhq/selenium/selenium-remote-driver/3.141.59/selenium-remote-driver-3.141.59.jar:/Users/ritsulu/.m2/repository/org/seleniumhq/selenium/selenium-safari-driver/3.141.59/selenium-safari-driver-3.141.
Launcher Type: SUN_STANDARD

Environment Variables:
PATH=/usr/bin:/bin:/usr/sbin:/sbin
SHELL=/bin/zsh

Signal Handlers:
SIGSEGV: [libjvm.dylib+0x597a73], sa_mask[0]=11111111111111111111111111111111, sa_flags=SA_ONSTACK|SA_RESTART|SA_SIGINFO
SIGBUS: [libjvm.dylib+0x597a73], sa_mask[0]=11111111111111111111111111111111, sa_flags=SA_RESTART|SA_SIGINFO
SIGFPE: [libjvm.dylib+0x48bbdb], sa_mask[0]=11111111111111111111111111111111, sa_flags=SA_RESTART|SA_SIGINFO
SIGPIPE: [libjvm.dylib+0x48bbdb], sa_mask[0]=11111111111111111111111111111111, sa_flags=SA_RESTART|SA_SIGINFO
SIGXFSZ: [libjvm.dylib+0x48bbdb], sa_mask[0]=11111111111111111111111111111111, sa_flags=SA_RESTART|SA_SIGINFO
SIGILL: [libjvm.dylib+0x48bbdb], sa_mask[0]=11111111111111111111111111111111, sa_flags=SA_RESTART|SA_SIGINFO
SIGUSR1: SIG_DFL, sa_mask[0]=00000000000000000000000000000000, sa_flags=none
SIGUSR2: [libjvm.dylib+0x48c4d2], sa_mask[0]=00100000000000000000000000000000, sa_flags=SA_RESTART|SA_SIGINFO
SIGHUP: [libjvm.dylib+0x48a6d1], sa_mask[0]=11111111111111111111111111111111, sa_flags=SA_RESTART|SA_SIGINFO
SIGINT: [libjvm.dylib+0x48a6d1], sa_mask[0]=11111111111111111111111111111111, sa_flags=SA_RESTART|SA_SIGINFO
SIGTERM: [libjvm.dylib+0x48a6d1], sa_mask[0]=11111111111111111111111111111111, sa_flags=SA_RESTART|SA_SIGINFO
SIGQUIT: [libjvm.dylib+0x48a6d1], sa_mask[0]=11111111111111111111111111111111, sa_flags=SA_RESTART|SA_SIGINFO


---------------  S Y S T E M  ---------------

OS:Bsduname:Darwin 20.5.0 Darwin Kernel Version 20.5.0: Sat May  8 05:10:31 PDT 2021; root:xnu-7195.121.3~9/RELEASE_ARM64_T8101 x86_64
rlimit: STACK 8176k, CORE 0k, NPROC 1333, NOFILE 10240, AS infinity
load average:1.46 1.30 1.30

CPU:total 8 (initial active 8) (1 cores per cpu, 1 threads per core) family 6 model 44 stepping 0, cmov, cx8, fxsr, mmx, sse, sse2, sse3, ssse3, sse4.1, sse4.2, popcnt, aes, clmul, tsc, tscinvbit, tscinv

Memory: 4k page, physical 8388608k(73160k free)

/proc/meminfo:


vm_info: OpenJDK 64-Bit Server VM (25.292-b10) for bsd-amd64 JRE (1.8.0_292-b10), built on Apr 20 2021 21:55:04 by "jenkins" with gcc 4.2.1 Compatible Apple LLVM 10.0.1 (clang-1001.0.46.4)

time: Sat Jul 17 17:02:06 2021
timezone: IST
elapsed time: 3037.859842 seconds (0d 0h 50m 37s)

